<?xml version="1.0" encoding="UTF-8"?>
<!-- Generated by org.testng.reporters.JUnitReportReporter -->
<testsuite skipped="0" hostname="DivyaT.local" name="com.gdi.modules.Modules" tests="1" failures="0" timestamp="28 Aug 2017 12:54:59 GMT" time="139.078" errors="0">
  <testcase name="signIn" time="139.078" classname="com.gdi.modules.Modules"/>
</testsuite> <!-- com.gdi.modules.Modules -->
