<?xml version="1.0" encoding="UTF-8"?>
<!-- Generated by org.testng.reporters.JUnitReportReporter -->
<testsuite hostname="SandeepDell" name="com.gdi.modules.Modules" tests="1" failures="0" timestamp="23 Aug 2017 05:48:07 GMT" time="83.565" errors="0">
  <testcase name="dynamiteUS" time="83.565" classname="com.gdi.modules.Modules"/>
</testsuite> <!-- com.gdi.modules.Modules -->
