<?xml version="1.0" encoding="UTF-8"?>
<!-- Generated by org.testng.reporters.JUnitReportReporter -->
<testsuite hostname="SandeepDell" name="com.gdi.modules.Modules" tests="1" failures="0" timestamp="27 Aug 2017 08:15:33 GMT" time="66.165" errors="0">
  <testcase name="signIn" time="66.165" classname="com.gdi.modules.Modules"/>
</testsuite> <!-- com.gdi.modules.Modules -->
